<?xml version="1.0" encoding="UTF-8"?>
<!-- Generated by org.testng.reporters.JUnitReportReporter -->
<testsuite hostname="QA1073" failures="0" tests="1" name="com.leaftaps.leads.ui.cases.CreateLeadTest" time="7.376" errors="0" timestamp="2022-11-20T12:57:13 IST" skipped="0">
  <testcase classname="com.leaftaps.leads.ui.cases.CreateLeadTest" name="runCreateLead" time="7.376"/>
  <system-out/>
</testsuite> <!-- com.leaftaps.leads.ui.cases.CreateLeadTest -->
