<?xml version="1.0" encoding="UTF-8"?>
<!-- Generated by org.testng.reporters.JUnitReportReporter -->
<testsuite hostname="Balaji-PC" failures="0" tests="2" name="com.leaftaps.leads.ui.cases.CreateLeadTest" time="30.508" errors="0" timestamp="2022-11-19T12:40:18 IST" skipped="0">
  <testcase classname="com.leaftaps.leads.ui.cases.CreateLeadTest" name="runCreateLead" time="14.050"/>
  <system-out/>
  <testcase classname="com.leaftaps.leads.ui.cases.CreateLeadTest" name="runCreateLead" time="16.458"/>
  <system-out/>
</testsuite> <!-- com.leaftaps.leads.ui.cases.CreateLeadTest -->
